0 info it worked if it ends with ok
1 verbose cli [ '/usr/local/Cellar/node@6/6.14.4/bin/node',
1 verbose cli   '/usr/local/opt/node@6/bin/npm',
1 verbose cli   'run',
1 verbose cli   'build' ]
2 info using npm@3.10.10
3 info using node@v6.14.4
4 verbose run-script [ 'prebuild', 'build', 'postbuild' ]
5 info lifecycle @~prebuild: @
6 silly lifecycle @~prebuild: no script for prebuild, continuing
7 info lifecycle @~build: @
8 verbose lifecycle @~build: unsafe-perm in lifecycle true
9 verbose lifecycle @~build: PATH: /usr/local/Cellar/node@6/6.14.4/lib/node_modules/npm/bin/node-gyp-bin:/Users/micnic/repos/github/simples.js.org/website/node_modules/.bin:/usr/local/Cellar/node@6/6.14.4/bin:/usr/local/opt/node@6/bin:/usr/local/bin:/usr/bin:/bin:/usr/sbin:/sbin:/opt/X11/bin:/Library/Frameworks/Mono.framework/Versions/Current/Commands:/usr/local/opt/node@6/bin
10 verbose lifecycle @~build: CWD: /Users/micnic/repos/github/simples.js.org/website
11 silly lifecycle @~build: Args: [ '-c', 'docusaurus-build' ]
12 silly lifecycle @~build: Returned: code: 1  signal: null
13 info lifecycle @~build: Failed to exec build script
14 verbose stack Error: @ build: `docusaurus-build`
14 verbose stack Exit status 1
14 verbose stack     at EventEmitter.<anonymous> (/usr/local/Cellar/node@6/6.14.4/lib/node_modules/npm/lib/utils/lifecycle.js:255:16)
14 verbose stack     at emitTwo (events.js:106:13)
14 verbose stack     at EventEmitter.emit (events.js:191:7)
14 verbose stack     at ChildProcess.<anonymous> (/usr/local/Cellar/node@6/6.14.4/lib/node_modules/npm/lib/utils/spawn.js:40:14)
14 verbose stack     at emitTwo (events.js:106:13)
14 verbose stack     at ChildProcess.emit (events.js:191:7)
14 verbose stack     at maybeClose (internal/child_process.js:920:16)
14 verbose stack     at Process.ChildProcess._handle.onexit (internal/child_process.js:230:5)
15 verbose pkgid @
16 verbose cwd /Users/micnic/repos/github/simples.js.org/website
17 error Darwin 18.2.0
18 error argv "/usr/local/Cellar/node@6/6.14.4/bin/node" "/usr/local/opt/node@6/bin/npm" "run" "build"
19 error node v6.14.4
20 error npm  v3.10.10
21 error code ELIFECYCLE
22 error @ build: `docusaurus-build`
22 error Exit status 1
23 error Failed at the @ build script 'docusaurus-build'.
23 error Make sure you have the latest version of node.js and npm installed.
23 error If you do, this is most likely a problem with the  package,
23 error not with npm itself.
23 error Tell the author that this fails on your system:
23 error     docusaurus-build
23 error You can get information on how to open an issue for this project with:
23 error     npm bugs
23 error Or if that isn't available, you can get their info via:
23 error     npm owner ls
23 error There is likely additional logging output above.
24 verbose exit [ 1, true ]
